<?xml version="1.0" encoding="UTF-8"?>
<testsuite xmlns:xsi="http://www.w3.org/2001/XMLSchema-instance" xsi:noNamespaceSchemaLocation="https://maven.apache.org/surefire/maven-surefire-plugin/xsd/surefire-test-report.xsd" name="GreetingImplTest" time="0.02" tests="3" errors="0" skipped="0" failures="0">
  <properties>
[...]
</properties>
  <testcase name="greet_Should_Throw_Exception_For_NameBlank" classname="GreetingImplTest" time="0.014"/>
  <testcase name="greet_Should_Throw_Exception_For_NameNull" classname="GreetingImplTest" time="0"/>
  <testcase name="greetShouldReturnValidOutput" classname="GreetingImplTest" time="0.002"/>
</testsuite>